10:08:08.440913 UPDATE: msg=cursor.initialBlinkMsg eventCh=<nil>
10:08:08.441779 UPDATE: msg=tea.WindowSizeMsg eventCh=<nil>
10:08:08.972809 UPDATE: msg=cursor.BlinkMsg eventCh=<nil>
10:08:09.480477 UPDATE: msg=tea.KeyMsg eventCh=<nil>
10:08:09.480817 UPDATE: msg=cursor.blinkCanceled eventCh=<nil>
10:08:09.598909 UPDATE: msg=tea.KeyMsg eventCh=<nil>
10:08:09.599066 UPDATE: msg=cursor.blinkCanceled eventCh=<nil>
10:08:09.684300 UPDATE: msg=tea.KeyMsg eventCh=<nil>
10:08:09.684455 UPDATE: msg=cursor.blinkCanceled eventCh=<nil>
10:08:09.768405 UPDATE: msg=tea.KeyMsg eventCh=<nil>
10:08:09.768524 UPDATE: msg=cursor.blinkCanceled eventCh=<nil>
10:08:09.851907 UPDATE: msg=tea.KeyMsg eventCh=<nil>
10:08:09.852032 UPDATE: msg=cursor.blinkCanceled eventCh=<nil>
10:08:09.938575 UPDATE: msg=tea.KeyMsg eventCh=<nil>
10:08:09.938758 UPDATE: msg=cursor.blinkCanceled eventCh=<nil>
10:08:10.076797 UPDATE: msg=tea.KeyMsg eventCh=<nil>
10:08:10.077013 UPDATE: msg=cursor.blinkCanceled eventCh=<nil>
10:08:10.169496 UPDATE: msg=tea.KeyMsg eventCh=<nil>
10:08:10.169755 UPDATE: msg=cursor.blinkCanceled eventCh=<nil>
10:08:10.214927 UPDATE: msg=tea.KeyMsg eventCh=<nil>
10:08:10.215147 UPDATE: msg=cursor.blinkCanceled eventCh=<nil>
10:08:10.291835 UPDATE: msg=tea.KeyMsg eventCh=<nil>
10:08:10.292047 UPDATE: msg=cursor.blinkCanceled eventCh=<nil>
10:08:10.361862 UPDATE: msg=tea.KeyMsg eventCh=<nil>
10:08:10.362042 UPDATE: msg=cursor.blinkCanceled eventCh=<nil>
10:08:10.547654 UPDATE: msg=tea.KeyMsg eventCh=<nil>
10:08:10.547881 UPDATE: msg=cursor.blinkCanceled eventCh=<nil>
10:08:10.589732 UPDATE: msg=tea.KeyMsg eventCh=<nil>
10:08:10.590315 UPDATE: msg=cursor.blinkCanceled eventCh=<nil>
10:08:10.730048 UPDATE: msg=tea.KeyMsg eventCh=<nil>
10:08:10.730235 UPDATE: msg=cursor.blinkCanceled eventCh=<nil>
10:08:10.840819 UPDATE: msg=tea.KeyMsg eventCh=<nil>
10:08:10.841018 UPDATE: msg=cursor.blinkCanceled eventCh=<nil>
10:08:10.982214 UPDATE: msg=tea.KeyMsg eventCh=<nil>
10:08:10.982477 UPDATE: msg=cursor.blinkCanceled eventCh=<nil>
10:08:11.166458 UPDATE: msg=tea.KeyMsg eventCh=<nil>
10:08:11.166709 ENTER: started agent, eventCh=0x11a9444b8460
10:08:11.166753 WAIT: blocking on channel 0x11a9444b8460
10:08:11.512958 UPDATE: msg=cursor.BlinkMsg eventCh=0x11a9444b8460
10:08:12.043376 UPDATE: msg=cursor.BlinkMsg eventCh=0x11a9444b8460
10:08:12.204691 WAIT: read ok=true type=event.ThinkingDeltaEvent
10:08:12.204760 UPDATE: msg=terminal.agentEventMsg eventCh=0x11a9444b8460
10:08:12.204788 EVENT: event.ThinkingDeltaEvent eventCh=0x11a9444b8460
10:08:12.204983 WAIT: blocking on channel 0x11a9444b8460
10:08:12.219177 WAIT: read ok=true type=event.ThinkingDeltaEvent
10:08:12.219252 UPDATE: msg=terminal.agentEventMsg eventCh=0x11a9444b8460
10:08:12.219272 EVENT: event.ThinkingDeltaEvent eventCh=0x11a9444b8460
10:08:12.219339 WAIT: blocking on channel 0x11a9444b8460
10:08:12.234052 WAIT: read ok=true type=event.ThinkingDeltaEvent
10:08:12.234109 UPDATE: msg=terminal.agentEventMsg eventCh=0x11a9444b8460
10:08:12.234131 EVENT: event.ThinkingDeltaEvent eventCh=0x11a9444b8460
10:08:12.234216 WAIT: blocking on channel 0x11a9444b8460
10:08:12.248849 WAIT: read ok=true type=event.ThinkingDeltaEvent
10:08:12.248888 UPDATE: msg=terminal.agentEventMsg eventCh=0x11a9444b8460
10:08:12.248901 EVENT: event.ThinkingDeltaEvent eventCh=0x11a9444b8460
10:08:12.248937 WAIT: blocking on channel 0x11a9444b8460
10:08:12.263536 WAIT: read ok=true type=event.ThinkingDeltaEvent
10:08:12.263577 UPDATE: msg=terminal.agentEventMsg eventCh=0x11a9444b8460
10:08:12.263590 EVENT: event.ThinkingDeltaEvent eventCh=0x11a9444b8460
10:08:12.263632 WAIT: blocking on channel 0x11a9444b8460
10:08:12.278369 WAIT: read ok=true type=event.ThinkingDeltaEvent
10:08:12.278422 UPDATE: msg=terminal.agentEventMsg eventCh=0x11a9444b8460
10:08:12.278444 EVENT: event.ThinkingDeltaEvent eventCh=0x11a9444b8460
10:08:12.278640 WAIT: blocking on channel 0x11a9444b8460
10:08:12.292812 WAIT: read ok=true type=event.ThinkingDeltaEvent
10:08:12.292835 UPDATE: msg=terminal.agentEventMsg eventCh=0x11a9444b8460
10:08:12.292840 EVENT: event.ThinkingDeltaEvent eventCh=0x11a9444b8460
10:08:12.292867 WAIT: blocking on channel 0x11a9444b8460
10:08:12.307768 WAIT: read ok=true type=event.ThinkingDeltaEvent
10:08:12.307788 UPDATE: msg=terminal.agentEventMsg eventCh=0x11a9444b8460
10:08:12.307793 EVENT: event.ThinkingDeltaEvent eventCh=0x11a9444b8460
10:08:12.307812 WAIT: blocking on channel 0x11a9444b8460
10:08:12.322760 WAIT: read ok=true type=event.ThinkingDeltaEvent
10:08:12.322802 UPDATE: msg=terminal.agentEventMsg eventCh=0x11a9444b8460
10:08:12.322816 EVENT: event.ThinkingDeltaEvent eventCh=0x11a9444b8460
10:08:12.322852 WAIT: blocking on channel 0x11a9444b8460
10:08:12.337679 WAIT: read ok=true type=event.ThinkingDeltaEvent
10:08:12.337726 UPDATE: msg=terminal.agentEventMsg eventCh=0x11a9444b8460
10:08:12.337743 EVENT: event.ThinkingDeltaEvent eventCh=0x11a9444b8460
10:08:12.337795 WAIT: blocking on channel 0x11a9444b8460
10:08:12.352652 WAIT: read ok=true type=event.ThinkingDeltaEvent
10:08:12.352736 UPDATE: msg=terminal.agentEventMsg eventCh=0x11a9444b8460
10:08:12.352763 EVENT: event.ThinkingDeltaEvent eventCh=0x11a9444b8460
10:08:12.352826 WAIT: blocking on channel 0x11a9444b8460
10:08:12.367890 WAIT: read ok=true type=event.ThinkingDeltaEvent
10:08:12.367938 UPDATE: msg=terminal.agentEventMsg eventCh=0x11a9444b8460
10:08:12.367955 EVENT: event.ThinkingDeltaEvent eventCh=0x11a9444b8460
10:08:12.368000 WAIT: blocking on channel 0x11a9444b8460
10:08:12.382798 WAIT: read ok=true type=event.ThinkingDeltaEvent
10:08:12.382861 UPDATE: msg=terminal.agentEventMsg eventCh=0x11a9444b8460
10:08:12.382879 EVENT: event.ThinkingDeltaEvent eventCh=0x11a9444b8460
10:08:12.382950 WAIT: blocking on channel 0x11a9444b8460
10:08:12.397635 WAIT: read ok=true type=event.ThinkingDeltaEvent
10:08:12.397703 UPDATE: msg=terminal.agentEventMsg eventCh=0x11a9444b8460
10:08:12.397730 EVENT: event.ThinkingDeltaEvent eventCh=0x11a9444b8460
10:08:12.397786 WAIT: blocking on channel 0x11a9444b8460
10:08:12.412333 WAIT: read ok=true type=event.ThinkingDeltaEvent
10:08:12.412400 UPDATE: msg=terminal.agentEventMsg eventCh=0x11a9444b8460
10:08:12.412418 EVENT: event.ThinkingDeltaEvent eventCh=0x11a9444b8460
10:08:12.412490 WAIT: blocking on channel 0x11a9444b8460
10:08:12.426984 WAIT: read ok=true type=event.ThinkingDeltaEvent
10:08:12.427048 UPDATE: msg=terminal.agentEventMsg eventCh=0x11a9444b8460
10:08:12.427068 EVENT: event.ThinkingDeltaEvent eventCh=0x11a9444b8460
10:08:12.427132 WAIT: blocking on channel 0x11a9444b8460
10:08:12.441576 WAIT: read ok=true type=event.ThinkingDeltaEvent
10:08:12.441627 UPDATE: msg=terminal.agentEventMsg eventCh=0x11a9444b8460
10:08:12.441647 EVENT: event.ThinkingDeltaEvent eventCh=0x11a9444b8460
10:08:12.441704 WAIT: blocking on channel 0x11a9444b8460
10:08:12.456326 WAIT: read ok=true type=event.ThinkingDeltaEvent
10:08:12.456381 UPDATE: msg=terminal.agentEventMsg eventCh=0x11a9444b8460
10:08:12.456401 EVENT: event.ThinkingDeltaEvent eventCh=0x11a9444b8460
10:08:12.456482 WAIT: blocking on channel 0x11a9444b8460
10:08:12.471072 WAIT: read ok=true type=event.ThinkingDeltaEvent
10:08:12.471127 UPDATE: msg=terminal.agentEventMsg eventCh=0x11a9444b8460
10:08:12.471148 EVENT: event.ThinkingDeltaEvent eventCh=0x11a9444b8460
10:08:12.471233 WAIT: blocking on channel 0x11a9444b8460
10:08:12.485769 WAIT: read ok=true type=event.ThinkingDeltaEvent
10:08:12.485819 UPDATE: msg=terminal.agentEventMsg eventCh=0x11a9444b8460
10:08:12.485838 EVENT: event.ThinkingDeltaEvent eventCh=0x11a9444b8460
10:08:12.485889 WAIT: blocking on channel 0x11a9444b8460
10:08:12.500548 WAIT: read ok=true type=event.ThinkingDeltaEvent
10:08:12.500605 UPDATE: msg=terminal.agentEventMsg eventCh=0x11a9444b8460
10:08:12.500626 EVENT: event.ThinkingDeltaEvent eventCh=0x11a9444b8460
10:08:12.500693 WAIT: blocking on channel 0x11a9444b8460
10:08:12.515105 WAIT: read ok=true type=event.ThinkingDeltaEvent
10:08:12.515170 UPDATE: msg=terminal.agentEventMsg eventCh=0x11a9444b8460
10:08:12.515188 EVENT: event.ThinkingDeltaEvent eventCh=0x11a9444b8460
10:08:12.515262 WAIT: blocking on channel 0x11a9444b8460
10:08:12.529822 WAIT: read ok=true type=event.ThinkingDeltaEvent
10:08:12.529888 UPDATE: msg=terminal.agentEventMsg eventCh=0x11a9444b8460
10:08:12.529913 EVENT: event.ThinkingDeltaEvent eventCh=0x11a9444b8460
10:08:12.529977 WAIT: blocking on channel 0x11a9444b8460
10:08:12.544301 WAIT: read ok=true type=event.ThinkingDeltaEvent
10:08:12.544365 UPDATE: msg=terminal.agentEventMsg eventCh=0x11a9444b8460
10:08:12.544389 EVENT: event.ThinkingDeltaEvent eventCh=0x11a9444b8460
10:08:12.544450 WAIT: blocking on channel 0x11a9444b8460
10:08:12.559057 WAIT: read ok=true type=event.ThinkingDeltaEvent
10:08:12.559113 UPDATE: msg=terminal.agentEventMsg eventCh=0x11a9444b8460
10:08:12.559133 EVENT: event.ThinkingDeltaEvent eventCh=0x11a9444b8460
10:08:12.559198 WAIT: blocking on channel 0x11a9444b8460
10:08:12.574028 WAIT: read ok=true type=event.ThinkingDeltaEvent
10:08:12.574096 UPDATE: msg=terminal.agentEventMsg eventCh=0x11a9444b8460
10:08:12.574120 EVENT: event.ThinkingDeltaEvent eventCh=0x11a9444b8460
10:08:12.574174 WAIT: blocking on channel 0x11a9444b8460
10:08:12.574326 UPDATE: msg=cursor.BlinkMsg eventCh=0x11a9444b8460
10:08:12.588419 WAIT: read ok=true type=event.ThinkingDeltaEvent
10:08:12.588465 UPDATE: msg=terminal.agentEventMsg eventCh=0x11a9444b8460
10:08:12.588474 EVENT: event.ThinkingDeltaEvent eventCh=0x11a9444b8460
10:08:12.588499 WAIT: blocking on channel 0x11a9444b8460
10:08:12.602779 WAIT: read ok=true type=event.ThinkingDeltaEvent
10:08:12.602849 UPDATE: msg=terminal.agentEventMsg eventCh=0x11a9444b8460
10:08:12.602872 EVENT: event.ThinkingDeltaEvent eventCh=0x11a9444b8460
10:08:12.602949 WAIT: blocking on channel 0x11a9444b8460
10:08:12.617385 WAIT: read ok=true type=event.ThinkingDeltaEvent
10:08:12.617420 UPDATE: msg=terminal.agentEventMsg eventCh=0x11a9444b8460
10:08:12.617431 EVENT: event.ThinkingDeltaEvent eventCh=0x11a9444b8460
10:08:12.617460 WAIT: blocking on channel 0x11a9444b8460
10:08:12.632194 WAIT: read ok=true type=event.ThinkingDeltaEvent
10:08:12.632229 UPDATE: msg=terminal.agentEventMsg eventCh=0x11a9444b8460
10:08:12.632241 EVENT: event.ThinkingDeltaEvent eventCh=0x11a9444b8460
10:08:12.632277 WAIT: blocking on channel 0x11a9444b8460
10:08:12.646759 WAIT: read ok=true type=event.ThinkingDeltaEvent
10:08:12.646810 UPDATE: msg=terminal.agentEventMsg eventCh=0x11a9444b8460
10:08:12.646824 EVENT: event.ThinkingDeltaEvent eventCh=0x11a9444b8460
10:08:12.646917 WAIT: blocking on channel 0x11a9444b8460
10:08:12.661359 WAIT: read ok=true type=event.ThinkingDeltaEvent
10:08:12.661406 UPDATE: msg=terminal.agentEventMsg eventCh=0x11a9444b8460
10:08:12.661424 EVENT: event.ThinkingDeltaEvent eventCh=0x11a9444b8460
10:08:12.661476 WAIT: blocking on channel 0x11a9444b8460
10:08:12.675887 WAIT: read ok=true type=event.ThinkingDeltaEvent
10:08:12.675942 UPDATE: msg=terminal.agentEventMsg eventCh=0x11a9444b8460
10:08:12.675963 EVENT: event.ThinkingDeltaEvent eventCh=0x11a9444b8460
10:08:12.676013 WAIT: blocking on channel 0x11a9444b8460
10:08:12.690576 WAIT: read ok=true type=event.ThinkingDeltaEvent
10:08:12.690631 UPDATE: msg=terminal.agentEventMsg eventCh=0x11a9444b8460
10:08:12.690651 EVENT: event.ThinkingDeltaEvent eventCh=0x11a9444b8460
10:08:12.690714 WAIT: blocking on channel 0x11a9444b8460
10:08:12.705217 WAIT: read ok=true type=event.ThinkingDeltaEvent
10:08:12.705257 UPDATE: msg=terminal.agentEventMsg eventCh=0x11a9444b8460
10:08:12.705271 EVENT: event.ThinkingDeltaEvent eventCh=0x11a9444b8460
10:08:12.705301 WAIT: blocking on channel 0x11a9444b8460
10:08:12.719783 WAIT: read ok=true type=event.ThinkingDeltaEvent
10:08:12.719847 UPDATE: msg=terminal.agentEventMsg eventCh=0x11a9444b8460
10:08:12.719864 EVENT: event.ThinkingDeltaEvent eventCh=0x11a9444b8460
10:08:12.719924 WAIT: blocking on channel 0x11a9444b8460
10:08:12.734512 WAIT: read ok=true type=event.ThinkingDeltaEvent
10:08:12.734573 UPDATE: msg=terminal.agentEventMsg eventCh=0x11a9444b8460
10:08:12.734593 EVENT: event.ThinkingDeltaEvent eventCh=0x11a9444b8460
10:08:12.734649 WAIT: blocking on channel 0x11a9444b8460
10:08:12.749206 WAIT: read ok=true type=event.ThinkingDeltaEvent
10:08:12.749261 UPDATE: msg=terminal.agentEventMsg eventCh=0x11a9444b8460
10:08:12.749282 EVENT: event.ThinkingDeltaEvent eventCh=0x11a9444b8460
10:08:12.749350 WAIT: blocking on channel 0x11a9444b8460
10:08:12.763846 WAIT: read ok=true type=event.ThinkingDeltaEvent
10:08:12.763882 UPDATE: msg=terminal.agentEventMsg eventCh=0x11a9444b8460
10:08:12.763894 EVENT: event.ThinkingDeltaEvent eventCh=0x11a9444b8460
10:08:12.763933 WAIT: blocking on channel 0x11a9444b8460
10:08:12.778774 WAIT: read ok=true type=event.ThinkingDeltaEvent
10:08:12.778817 UPDATE: msg=terminal.agentEventMsg eventCh=0x11a9444b8460
10:08:12.778833 EVENT: event.ThinkingDeltaEvent eventCh=0x11a9444b8460
10:08:12.778865 WAIT: blocking on channel 0x11a9444b8460
10:08:12.793482 WAIT: read ok=true type=event.ThinkingDeltaEvent
10:08:12.793544 UPDATE: msg=terminal.agentEventMsg eventCh=0x11a9444b8460
10:08:12.793565 EVENT: event.ThinkingDeltaEvent eventCh=0x11a9444b8460
10:08:12.793629 WAIT: blocking on channel 0x11a9444b8460
10:08:12.808235 WAIT: read ok=true type=event.ThinkingDeltaEvent
10:08:12.808292 UPDATE: msg=terminal.agentEventMsg eventCh=0x11a9444b8460
10:08:12.808314 EVENT: event.ThinkingDeltaEvent eventCh=0x11a9444b8460
10:08:12.808534 WAIT: blocking on channel 0x11a9444b8460
10:08:12.822888 WAIT: read ok=true type=event.ThinkingDeltaEvent
10:08:12.822946 UPDATE: msg=terminal.agentEventMsg eventCh=0x11a9444b8460
10:08:12.822964 EVENT: event.ThinkingDeltaEvent eventCh=0x11a9444b8460
10:08:12.823028 WAIT: blocking on channel 0x11a9444b8460
10:08:12.837493 WAIT: read ok=true type=event.ThinkingDeltaEvent
10:08:12.837541 UPDATE: msg=terminal.agentEventMsg eventCh=0x11a9444b8460
10:08:12.837559 EVENT: event.ThinkingDeltaEvent eventCh=0x11a9444b8460
10:08:12.837618 WAIT: blocking on channel 0x11a9444b8460
10:08:12.852094 WAIT: read ok=true type=event.ThinkingDeltaEvent
10:08:12.852163 UPDATE: msg=terminal.agentEventMsg eventCh=0x11a9444b8460
10:08:12.852176 EVENT: event.ThinkingDeltaEvent eventCh=0x11a9444b8460
10:08:12.852220 WAIT: blocking on channel 0x11a9444b8460
10:08:12.866821 WAIT: read ok=true type=event.ThinkingDeltaEvent
10:08:12.866871 UPDATE: msg=terminal.agentEventMsg eventCh=0x11a9444b8460
10:08:12.866887 EVENT: event.ThinkingDeltaEvent eventCh=0x11a9444b8460
10:08:12.866921 WAIT: blocking on channel 0x11a9444b8460
10:08:12.881605 WAIT: read ok=true type=event.ThinkingDeltaEvent
10:08:12.881671 UPDATE: msg=terminal.agentEventMsg eventCh=0x11a9444b8460
10:08:12.881694 EVENT: event.ThinkingDeltaEvent eventCh=0x11a9444b8460
10:08:12.881755 WAIT: blocking on channel 0x11a9444b8460
10:08:12.896304 WAIT: read ok=true type=event.ThinkingDeltaEvent
10:08:12.896370 UPDATE: msg=terminal.agentEventMsg eventCh=0x11a9444b8460
10:08:12.896398 EVENT: event.ThinkingDeltaEvent eventCh=0x11a9444b8460
10:08:12.896458 WAIT: blocking on channel 0x11a9444b8460
10:08:12.910960 WAIT: read ok=true type=event.ThinkingDeltaEvent
10:08:12.911019 UPDATE: msg=terminal.agentEventMsg eventCh=0x11a9444b8460
10:08:12.911046 EVENT: event.ThinkingDeltaEvent eventCh=0x11a9444b8460
10:08:12.911123 WAIT: blocking on channel 0x11a9444b8460
10:08:12.925563 WAIT: read ok=true type=event.ThinkingDeltaEvent
10:08:12.925612 UPDATE: msg=terminal.agentEventMsg eventCh=0x11a9444b8460
10:08:12.925635 EVENT: event.ThinkingDeltaEvent eventCh=0x11a9444b8460
10:08:12.925696 WAIT: blocking on channel 0x11a9444b8460
10:08:12.940294 WAIT: read ok=true type=event.ThinkingDeltaEvent
10:08:12.940353 UPDATE: msg=terminal.agentEventMsg eventCh=0x11a9444b8460
10:08:12.940374 EVENT: event.ThinkingDeltaEvent eventCh=0x11a9444b8460
10:08:12.940443 WAIT: blocking on channel 0x11a9444b8460
10:08:12.954994 WAIT: read ok=true type=event.ThinkingDeltaEvent
10:08:12.955037 UPDATE: msg=terminal.agentEventMsg eventCh=0x11a9444b8460
10:08:12.955052 EVENT: event.ThinkingDeltaEvent eventCh=0x11a9444b8460
10:08:12.955079 WAIT: blocking on channel 0x11a9444b8460
10:08:12.969595 WAIT: read ok=true type=event.ThinkingDeltaEvent
10:08:12.969632 UPDATE: msg=terminal.agentEventMsg eventCh=0x11a9444b8460
10:08:12.969892 EVENT: event.ThinkingDeltaEvent eventCh=0x11a9444b8460
10:08:12.969949 WAIT: blocking on channel 0x11a9444b8460
10:08:12.983856 WAIT: read ok=true type=event.ThinkingDeltaEvent
10:08:12.983897 UPDATE: msg=terminal.agentEventMsg eventCh=0x11a9444b8460
10:08:12.983906 EVENT: event.ThinkingDeltaEvent eventCh=0x11a9444b8460
10:08:12.983984 WAIT: blocking on channel 0x11a9444b8460
10:08:12.998275 WAIT: read ok=true type=event.ThinkingDeltaEvent
10:08:12.998317 UPDATE: msg=terminal.agentEventMsg eventCh=0x11a9444b8460
10:08:12.998327 EVENT: event.ThinkingDeltaEvent eventCh=0x11a9444b8460
10:08:12.998357 WAIT: blocking on channel 0x11a9444b8460
10:08:13.012589 WAIT: read ok=true type=event.ThinkingDeltaEvent
10:08:13.012631 UPDATE: msg=terminal.agentEventMsg eventCh=0x11a9444b8460
10:08:13.012644 EVENT: event.ThinkingDeltaEvent eventCh=0x11a9444b8460
10:08:13.012717 WAIT: blocking on channel 0x11a9444b8460
10:08:13.026980 WAIT: read ok=true type=event.ThinkingDeltaEvent
10:08:13.027047 UPDATE: msg=terminal.agentEventMsg eventCh=0x11a9444b8460
10:08:13.027069 EVENT: event.ThinkingDeltaEvent eventCh=0x11a9444b8460
10:08:13.027158 WAIT: blocking on channel 0x11a9444b8460
10:08:13.041196 WAIT: read ok=true type=event.ThinkingDeltaEvent
10:08:13.041263 UPDATE: msg=terminal.agentEventMsg eventCh=0x11a9444b8460
10:08:13.041281 EVENT: event.ThinkingDeltaEvent eventCh=0x11a9444b8460
10:08:13.041339 WAIT: blocking on channel 0x11a9444b8460
10:08:13.055618 WAIT: read ok=true type=event.ThinkingDeltaEvent
10:08:13.055683 UPDATE: msg=terminal.agentEventMsg eventCh=0x11a9444b8460
10:08:13.055700 EVENT: event.ThinkingDeltaEvent eventCh=0x11a9444b8460
10:08:13.055894 WAIT: blocking on channel 0x11a9444b8460
10:08:13.069694 WAIT: read ok=true type=event.ThinkingDeltaEvent
10:08:13.069756 UPDATE: msg=terminal.agentEventMsg eventCh=0x11a9444b8460
10:08:13.069773 EVENT: event.ThinkingDeltaEvent eventCh=0x11a9444b8460
10:08:13.069823 WAIT: blocking on channel 0x11a9444b8460
10:08:13.084257 WAIT: read ok=true type=event.ThinkingDeltaEvent
10:08:13.084306 UPDATE: msg=terminal.agentEventMsg eventCh=0x11a9444b8460
10:08:13.084321 EVENT: event.ThinkingDeltaEvent eventCh=0x11a9444b8460
10:08:13.084445 WAIT: blocking on channel 0x11a9444b8460
10:08:13.100026 WAIT: read ok=true type=event.ThinkingDeltaEvent
10:08:13.102573 UPDATE: msg=terminal.agentEventMsg eventCh=0x11a9444b8460
10:08:13.102593 EVENT: event.ThinkingDeltaEvent eventCh=0x11a9444b8460
10:08:13.102640 WAIT: blocking on channel 0x11a9444b8460
10:08:13.104990 UPDATE: msg=cursor.BlinkMsg eventCh=0x11a9444b8460
10:08:13.115057 WAIT: read ok=true type=event.ThinkingDeltaEvent
10:08:13.115098 UPDATE: msg=terminal.agentEventMsg eventCh=0x11a9444b8460
10:08:13.115107 EVENT: event.ThinkingDeltaEvent eventCh=0x11a9444b8460
10:08:13.115154 WAIT: blocking on channel 0x11a9444b8460
10:08:13.130180 WAIT: read ok=true type=event.ThinkingDeltaEvent
10:08:13.130225 UPDATE: msg=terminal.agentEventMsg eventCh=0x11a9444b8460
10:08:13.130237 EVENT: event.ThinkingDeltaEvent eventCh=0x11a9444b8460
10:08:13.130287 WAIT: blocking on channel 0x11a9444b8460
10:08:13.144929 WAIT: read ok=true type=event.ThinkingDeltaEvent
10:08:13.144997 UPDATE: msg=terminal.agentEventMsg eventCh=0x11a9444b8460
10:08:13.145013 EVENT: event.ThinkingDeltaEvent eventCh=0x11a9444b8460
10:08:13.145076 WAIT: blocking on channel 0x11a9444b8460
10:08:13.159420 WAIT: read ok=true type=event.ThinkingDeltaEvent
10:08:13.159458 UPDATE: msg=terminal.agentEventMsg eventCh=0x11a9444b8460
10:08:13.159474 EVENT: event.ThinkingDeltaEvent eventCh=0x11a9444b8460
10:08:13.159525 WAIT: blocking on channel 0x11a9444b8460
10:08:13.174260 WAIT: read ok=true type=event.ThinkingDeltaEvent
10:08:13.174284 UPDATE: msg=terminal.agentEventMsg eventCh=0x11a9444b8460
10:08:13.174289 EVENT: event.ThinkingDeltaEvent eventCh=0x11a9444b8460
10:08:13.174343 WAIT: blocking on channel 0x11a9444b8460
10:08:13.189204 WAIT: read ok=true type=event.ThinkingDeltaEvent
10:08:13.189234 UPDATE: msg=terminal.agentEventMsg eventCh=0x11a9444b8460
10:08:13.189248 EVENT: event.ThinkingDeltaEvent eventCh=0x11a9444b8460
10:08:13.189321 WAIT: blocking on channel 0x11a9444b8460
10:08:13.203542 WAIT: read ok=true type=event.ThinkingDeltaEvent
10:08:13.203562 UPDATE: msg=terminal.agentEventMsg eventCh=0x11a9444b8460
10:08:13.203568 EVENT: event.ThinkingDeltaEvent eventCh=0x11a9444b8460
10:08:13.203600 WAIT: blocking on channel 0x11a9444b8460
10:08:13.218213 WAIT: read ok=true type=event.ThinkingDeltaEvent
10:08:13.218237 UPDATE: msg=terminal.agentEventMsg eventCh=0x11a9444b8460
10:08:13.218242 EVENT: event.ThinkingDeltaEvent eventCh=0x11a9444b8460
10:08:13.218268 WAIT: blocking on channel 0x11a9444b8460
10:08:13.232639 WAIT: read ok=true type=event.ThinkingDeltaEvent
10:08:13.232666 UPDATE: msg=terminal.agentEventMsg eventCh=0x11a9444b8460
10:08:13.232671 EVENT: event.ThinkingDeltaEvent eventCh=0x11a9444b8460
10:08:13.232702 WAIT: blocking on channel 0x11a9444b8460
10:08:13.247379 WAIT: read ok=true type=event.ThinkingDeltaEvent
10:08:13.247398 UPDATE: msg=terminal.agentEventMsg eventCh=0x11a9444b8460
10:08:13.247403 EVENT: event.ThinkingDeltaEvent eventCh=0x11a9444b8460
10:08:13.247427 WAIT: blocking on channel 0x11a9444b8460
10:08:13.262193 WAIT: read ok=true type=event.ThinkingDeltaEvent
10:08:13.262203 UPDATE: msg=terminal.agentEventMsg eventCh=0x11a9444b8460
10:08:13.262205 EVENT: event.ThinkingDeltaEvent eventCh=0x11a9444b8460
10:08:13.262232 WAIT: blocking on channel 0x11a9444b8460
10:08:13.276929 WAIT: read ok=true type=event.ThinkingDeltaEvent
10:08:13.276943 UPDATE: msg=terminal.agentEventMsg eventCh=0x11a9444b8460
10:08:13.276946 EVENT: event.ThinkingDeltaEvent eventCh=0x11a9444b8460
10:08:13.276970 WAIT: blocking on channel 0x11a9444b8460
10:08:13.291704 WAIT: read ok=true type=event.ThinkingDeltaEvent
10:08:13.291718 UPDATE: msg=terminal.agentEventMsg eventCh=0x11a9444b8460
10:08:13.291722 EVENT: event.ThinkingDeltaEvent eventCh=0x11a9444b8460
10:08:13.291769 WAIT: blocking on channel 0x11a9444b8460
10:08:13.306389 WAIT: read ok=true type=event.ThinkingDeltaEvent
10:08:13.306407 UPDATE: msg=terminal.agentEventMsg eventCh=0x11a9444b8460
10:08:13.306412 EVENT: event.ThinkingDeltaEvent eventCh=0x11a9444b8460
10:08:13.306434 WAIT: blocking on channel 0x11a9444b8460
10:08:13.320602 WAIT: read ok=true type=event.ThinkingDeltaEvent
10:08:13.320616 UPDATE: msg=terminal.agentEventMsg eventCh=0x11a9444b8460
10:08:13.320619 EVENT: event.ThinkingDeltaEvent eventCh=0x11a9444b8460
10:08:13.320642 WAIT: blocking on channel 0x11a9444b8460
10:08:13.334697 WAIT: read ok=true type=event.ThinkingDeltaEvent
10:08:13.334708 UPDATE: msg=terminal.agentEventMsg eventCh=0x11a9444b8460
10:08:13.334712 EVENT: event.ThinkingDeltaEvent eventCh=0x11a9444b8460
10:08:13.334734 WAIT: blocking on channel 0x11a9444b8460
10:08:13.349251 WAIT: read ok=true type=event.ThinkingDeltaEvent
10:08:13.349275 UPDATE: msg=terminal.agentEventMsg eventCh=0x11a9444b8460
10:08:13.349280 EVENT: event.ThinkingDeltaEvent eventCh=0x11a9444b8460
10:08:13.349305 WAIT: blocking on channel 0x11a9444b8460
10:08:13.364209 WAIT: read ok=true type=event.ThinkingDeltaEvent
10:08:13.364219 UPDATE: msg=terminal.agentEventMsg eventCh=0x11a9444b8460
10:08:13.364221 EVENT: event.ThinkingDeltaEvent eventCh=0x11a9444b8460
10:08:13.364238 WAIT: blocking on channel 0x11a9444b8460
10:08:13.378945 WAIT: read ok=true type=event.ThinkingDeltaEvent
10:08:13.378954 UPDATE: msg=terminal.agentEventMsg eventCh=0x11a9444b8460
10:08:13.378956 EVENT: event.ThinkingDeltaEvent eventCh=0x11a9444b8460
10:08:13.378976 WAIT: blocking on channel 0x11a9444b8460
10:08:13.393733 WAIT: read ok=true type=event.ThinkingDeltaEvent
10:08:13.393741 UPDATE: msg=terminal.agentEventMsg eventCh=0x11a9444b8460
10:08:13.393744 EVENT: event.ThinkingDeltaEvent eventCh=0x11a9444b8460
10:08:13.393769 WAIT: blocking on channel 0x11a9444b8460
10:08:13.408210 WAIT: read ok=true type=event.ThinkingDeltaEvent
10:08:13.408231 UPDATE: msg=terminal.agentEventMsg eventCh=0x11a9444b8460
10:08:13.408234 EVENT: event.ThinkingDeltaEvent eventCh=0x11a9444b8460
10:08:13.408266 WAIT: blocking on channel 0x11a9444b8460
10:08:13.422920 WAIT: read ok=true type=event.ThinkingDeltaEvent
10:08:13.422943 UPDATE: msg=terminal.agentEventMsg eventCh=0x11a9444b8460
10:08:13.422948 EVENT: event.ThinkingDeltaEvent eventCh=0x11a9444b8460
10:08:13.422969 WAIT: blocking on channel 0x11a9444b8460
10:08:13.437714 WAIT: read ok=true type=event.ThinkingDeltaEvent
10:08:13.437725 UPDATE: msg=terminal.agentEventMsg eventCh=0x11a9444b8460
10:08:13.437727 EVENT: event.ThinkingDeltaEvent eventCh=0x11a9444b8460
10:08:13.437777 WAIT: blocking on channel 0x11a9444b8460
10:08:13.452133 WAIT: read ok=true type=event.ThinkingDeltaEvent
10:08:13.452162 UPDATE: msg=terminal.agentEventMsg eventCh=0x11a9444b8460
10:08:13.452167 EVENT: event.ThinkingDeltaEvent eventCh=0x11a9444b8460
10:08:13.452191 WAIT: blocking on channel 0x11a9444b8460
10:08:13.466934 WAIT: read ok=true type=event.ThinkingDeltaEvent
10:08:13.466945 UPDATE: msg=terminal.agentEventMsg eventCh=0x11a9444b8460
10:08:13.466948 EVENT: event.ThinkingDeltaEvent eventCh=0x11a9444b8460
10:08:13.466968 WAIT: blocking on channel 0x11a9444b8460
10:08:13.481496 WAIT: read ok=true type=event.ThinkingDeltaEvent
10:08:13.481508 UPDATE: msg=terminal.agentEventMsg eventCh=0x11a9444b8460
10:08:13.481511 EVENT: event.ThinkingDeltaEvent eventCh=0x11a9444b8460
10:08:13.481530 WAIT: blocking on channel 0x11a9444b8460
10:08:13.496219 WAIT: read ok=true type=event.ThinkingDeltaEvent
10:08:13.496226 UPDATE: msg=terminal.agentEventMsg eventCh=0x11a9444b8460
10:08:13.496229 EVENT: event.ThinkingDeltaEvent eventCh=0x11a9444b8460
10:08:13.496256 WAIT: blocking on channel 0x11a9444b8460
10:08:13.510959 WAIT: read ok=true type=event.ThinkingDeltaEvent
10:08:13.510966 UPDATE: msg=terminal.agentEventMsg eventCh=0x11a9444b8460
10:08:13.510969 EVENT: event.ThinkingDeltaEvent eventCh=0x11a9444b8460
10:08:13.510987 WAIT: blocking on channel 0x11a9444b8460
10:08:13.525596 WAIT: read ok=true type=event.ThinkingDeltaEvent
10:08:13.525608 UPDATE: msg=terminal.agentEventMsg eventCh=0x11a9444b8460
10:08:13.525611 EVENT: event.ThinkingDeltaEvent eventCh=0x11a9444b8460
10:08:13.525631 WAIT: blocking on channel 0x11a9444b8460
10:08:13.540306 WAIT: read ok=true type=event.ThinkingDeltaEvent
10:08:13.540314 UPDATE: msg=terminal.agentEventMsg eventCh=0x11a9444b8460
10:08:13.540317 EVENT: event.ThinkingDeltaEvent eventCh=0x11a9444b8460
10:08:13.540337 WAIT: blocking on channel 0x11a9444b8460
10:08:13.554984 WAIT: read ok=true type=event.ThinkingDeltaEvent
10:08:13.555032 UPDATE: msg=terminal.agentEventMsg eventCh=0x11a9444b8460
10:08:13.555047 EVENT: event.ThinkingDeltaEvent eventCh=0x11a9444b8460
10:08:13.555089 WAIT: blocking on channel 0x11a9444b8460
10:08:13.569775 WAIT: read ok=true type=event.ThinkingDeltaEvent
10:08:13.569811 UPDATE: msg=terminal.agentEventMsg eventCh=0x11a9444b8460
10:08:13.569823 EVENT: event.ThinkingDeltaEvent eventCh=0x11a9444b8460
10:08:13.569850 WAIT: blocking on channel 0x11a9444b8460
10:08:13.584617 WAIT: read ok=true type=event.ThinkingDeltaEvent
10:08:13.584672 UPDATE: msg=terminal.agentEventMsg eventCh=0x11a9444b8460
10:08:13.584690 EVENT: event.ThinkingDeltaEvent eventCh=0x11a9444b8460
10:08:13.584751 WAIT: blocking on channel 0x11a9444b8460
10:08:13.599537 WAIT: read ok=true type=event.ThinkingDeltaEvent
10:08:13.599579 UPDATE: msg=terminal.agentEventMsg eventCh=0x11a9444b8460
10:08:13.599591 EVENT: event.ThinkingDeltaEvent eventCh=0x11a9444b8460
10:08:13.599618 WAIT: blocking on channel 0x11a9444b8460
10:08:13.614404 WAIT: read ok=true type=event.ThinkingDeltaEvent
10:08:13.614465 UPDATE: msg=terminal.agentEventMsg eventCh=0x11a9444b8460
10:08:13.614483 EVENT: event.ThinkingDeltaEvent eventCh=0x11a9444b8460
10:08:13.614552 WAIT: blocking on channel 0x11a9444b8460
10:08:13.629102 WAIT: read ok=true type=event.ThinkingDeltaEvent
10:08:13.629164 UPDATE: msg=terminal.agentEventMsg eventCh=0x11a9444b8460
10:08:13.629182 EVENT: event.ThinkingDeltaEvent eventCh=0x11a9444b8460
10:08:13.629244 WAIT: blocking on channel 0x11a9444b8460
10:08:13.637701 UPDATE: msg=cursor.BlinkMsg eventCh=0x11a9444b8460
10:08:13.643812 WAIT: read ok=true type=event.ThinkingDeltaEvent
10:08:13.643868 UPDATE: msg=terminal.agentEventMsg eventCh=0x11a9444b8460
10:08:13.643886 EVENT: event.ThinkingDeltaEvent eventCh=0x11a9444b8460
10:08:13.643951 WAIT: blocking on channel 0x11a9444b8460
10:08:13.658390 WAIT: read ok=true type=event.ThinkingDeltaEvent
10:08:13.658444 UPDATE: msg=terminal.agentEventMsg eventCh=0x11a9444b8460
10:08:13.658463 EVENT: event.ThinkingDeltaEvent eventCh=0x11a9444b8460
10:08:13.658544 WAIT: blocking on channel 0x11a9444b8460
10:08:13.673128 WAIT: read ok=true type=event.ThinkingDeltaEvent
10:08:13.673180 UPDATE: msg=terminal.agentEventMsg eventCh=0x11a9444b8460
10:08:13.673198 EVENT: event.ThinkingDeltaEvent eventCh=0x11a9444b8460
10:08:13.673259 WAIT: blocking on channel 0x11a9444b8460
10:08:13.687745 WAIT: read ok=true type=event.ThinkingDeltaEvent
10:08:13.687792 UPDATE: msg=terminal.agentEventMsg eventCh=0x11a9444b8460
10:08:13.687811 EVENT: event.ThinkingDeltaEvent eventCh=0x11a9444b8460
10:08:13.687880 WAIT: blocking on channel 0x11a9444b8460
10:08:13.702362 WAIT: read ok=true type=event.ThinkingDeltaEvent
10:08:13.702414 UPDATE: msg=terminal.agentEventMsg eventCh=0x11a9444b8460
10:08:13.702434 EVENT: event.ThinkingDeltaEvent eventCh=0x11a9444b8460
10:08:13.702487 WAIT: blocking on channel 0x11a9444b8460
10:08:13.717010 WAIT: read ok=true type=event.ThinkingDeltaEvent
10:08:13.717062 UPDATE: msg=terminal.agentEventMsg eventCh=0x11a9444b8460
10:08:13.717082 EVENT: event.ThinkingDeltaEvent eventCh=0x11a9444b8460
10:08:13.717170 WAIT: blocking on channel 0x11a9444b8460
10:08:13.731604 WAIT: read ok=true type=event.ThinkingDeltaEvent
10:08:13.731661 UPDATE: msg=terminal.agentEventMsg eventCh=0x11a9444b8460
10:08:13.731681 EVENT: event.ThinkingDeltaEvent eventCh=0x11a9444b8460
10:08:13.731751 WAIT: blocking on channel 0x11a9444b8460
10:08:13.746263 WAIT: read ok=true type=event.ThinkingDeltaEvent
10:08:13.746323 UPDATE: msg=terminal.agentEventMsg eventCh=0x11a9444b8460
10:08:13.746347 EVENT: event.ThinkingDeltaEvent eventCh=0x11a9444b8460
10:08:13.746422 WAIT: blocking on channel 0x11a9444b8460
10:08:13.760882 WAIT: read ok=true type=event.ThinkingDeltaEvent
10:08:13.760945 UPDATE: msg=terminal.agentEventMsg eventCh=0x11a9444b8460
10:08:13.760967 EVENT: event.ThinkingDeltaEvent eventCh=0x11a9444b8460
10:08:13.761023 WAIT: blocking on channel 0x11a9444b8460
10:08:13.775538 WAIT: read ok=true type=event.ThinkingDeltaEvent
10:08:13.775591 UPDATE: msg=terminal.agentEventMsg eventCh=0x11a9444b8460
10:08:13.775609 EVENT: event.ThinkingDeltaEvent eventCh=0x11a9444b8460
10:08:13.775668 WAIT: blocking on channel 0x11a9444b8460
10:08:13.790183 WAIT: read ok=true type=event.ThinkingDeltaEvent
10:08:13.790476 UPDATE: msg=terminal.agentEventMsg eventCh=0x11a9444b8460
10:08:13.790506 EVENT: event.ThinkingDeltaEvent eventCh=0x11a9444b8460
10:08:13.790571 WAIT: blocking on channel 0x11a9444b8460
10:08:13.804887 WAIT: read ok=true type=event.ThinkingDeltaEvent
10:08:13.804941 UPDATE: msg=terminal.agentEventMsg eventCh=0x11a9444b8460
10:08:13.804961 EVENT: event.ThinkingDeltaEvent eventCh=0x11a9444b8460
10:08:13.805035 WAIT: blocking on channel 0x11a9444b8460
10:08:13.819671 WAIT: read ok=true type=event.ThinkingDeltaEvent
10:08:13.819729 UPDATE: msg=terminal.agentEventMsg eventCh=0x11a9444b8460
10:08:13.819745 EVENT: event.ThinkingDeltaEvent eventCh=0x11a9444b8460
10:08:13.819802 WAIT: blocking on channel 0x11a9444b8460
10:08:13.834431 WAIT: read ok=true type=event.ThinkingDeltaEvent
10:08:13.834484 UPDATE: msg=terminal.agentEventMsg eventCh=0x11a9444b8460
10:08:13.834503 EVENT: event.ThinkingDeltaEvent eventCh=0x11a9444b8460
10:08:13.834555 WAIT: blocking on channel 0x11a9444b8460
10:08:13.849192 WAIT: read ok=true type=event.ThinkingDeltaEvent
10:08:13.849248 UPDATE: msg=terminal.agentEventMsg eventCh=0x11a9444b8460
10:08:13.849265 EVENT: event.ThinkingDeltaEvent eventCh=0x11a9444b8460
10:08:13.849337 WAIT: blocking on channel 0x11a9444b8460
10:08:13.863885 WAIT: read ok=true type=event.ThinkingDeltaEvent
10:08:13.863968 UPDATE: msg=terminal.agentEventMsg eventCh=0x11a9444b8460
10:08:13.863986 EVENT: event.ThinkingDeltaEvent eventCh=0x11a9444b8460
10:08:13.864043 WAIT: blocking on channel 0x11a9444b8460
10:08:13.878674 WAIT: read ok=true type=event.ThinkingDeltaEvent
10:08:13.878722 UPDATE: msg=terminal.agentEventMsg eventCh=0x11a9444b8460
10:08:13.878738 EVENT: event.ThinkingDeltaEvent eventCh=0x11a9444b8460
10:08:13.878800 WAIT: blocking on channel 0x11a9444b8460
10:08:13.893375 WAIT: read ok=true type=event.ThinkingDeltaEvent
10:08:13.893429 UPDATE: msg=terminal.agentEventMsg eventCh=0x11a9444b8460
10:08:13.893451 EVENT: event.ThinkingDeltaEvent eventCh=0x11a9444b8460
10:08:13.893503 WAIT: blocking on channel 0x11a9444b8460
10:08:13.907982 WAIT: read ok=true type=event.ThinkingDeltaEvent
10:08:13.908027 UPDATE: msg=terminal.agentEventMsg eventCh=0x11a9444b8460
10:08:13.908045 EVENT: event.ThinkingDeltaEvent eventCh=0x11a9444b8460
10:08:13.908111 WAIT: blocking on channel 0x11a9444b8460
10:08:13.922745 WAIT: read ok=true type=event.ThinkingDeltaEvent
10:08:13.922801 UPDATE: msg=terminal.agentEventMsg eventCh=0x11a9444b8460
10:08:13.922820 EVENT: event.ThinkingDeltaEvent eventCh=0x11a9444b8460
10:08:13.922880 WAIT: blocking on channel 0x11a9444b8460
10:08:13.937403 WAIT: read ok=true type=event.ThinkingDeltaEvent
10:08:13.937454 UPDATE: msg=terminal.agentEventMsg eventCh=0x11a9444b8460
10:08:13.937474 EVENT: event.ThinkingDeltaEvent eventCh=0x11a9444b8460
10:08:13.937532 WAIT: blocking on channel 0x11a9444b8460
10:08:13.952116 WAIT: read ok=true type=event.ThinkingDeltaEvent
10:08:13.952177 UPDATE: msg=terminal.agentEventMsg eventCh=0x11a9444b8460
10:08:13.952195 EVENT: event.ThinkingDeltaEvent eventCh=0x11a9444b8460
10:08:13.952257 WAIT: blocking on channel 0x11a9444b8460
10:08:13.966756 WAIT: read ok=true type=event.ThinkingDeltaEvent
10:08:13.966829 UPDATE: msg=terminal.agentEventMsg eventCh=0x11a9444b8460
10:08:13.966854 EVENT: event.ThinkingDeltaEvent eventCh=0x11a9444b8460
10:08:13.966912 WAIT: blocking on channel 0x11a9444b8460
10:08:13.981505 WAIT: read ok=true type=event.ThinkingDeltaEvent
10:08:13.981573 UPDATE: msg=terminal.agentEventMsg eventCh=0x11a9444b8460
10:08:13.981596 EVENT: event.ThinkingDeltaEvent eventCh=0x11a9444b8460
10:08:13.981655 WAIT: blocking on channel 0x11a9444b8460
10:08:13.996240 WAIT: read ok=true type=event.ThinkingDeltaEvent
10:08:13.996311 UPDATE: msg=terminal.agentEventMsg eventCh=0x11a9444b8460
10:08:13.996332 EVENT: event.ThinkingDeltaEvent eventCh=0x11a9444b8460
10:08:13.996392 WAIT: blocking on channel 0x11a9444b8460
10:08:14.010917 WAIT: read ok=true type=event.ThinkingDeltaEvent
10:08:14.010963 UPDATE: msg=terminal.agentEventMsg eventCh=0x11a9444b8460
10:08:14.010981 EVENT: event.ThinkingDeltaEvent eventCh=0x11a9444b8460
10:08:14.011017 WAIT: blocking on channel 0x11a9444b8460
10:08:14.026628 WAIT: read ok=true type=event.ThinkingDeltaEvent
10:08:14.026678 UPDATE: msg=terminal.agentEventMsg eventCh=0x11a9444b8460
10:08:14.026691 EVENT: event.ThinkingDeltaEvent eventCh=0x11a9444b8460
10:08:14.026735 WAIT: blocking on channel 0x11a9444b8460
10:08:14.041392 WAIT: read ok=true type=event.ThinkingDeltaEvent
10:08:14.041447 UPDATE: msg=terminal.agentEventMsg eventCh=0x11a9444b8460
10:08:14.041471 EVENT: event.ThinkingDeltaEvent eventCh=0x11a9444b8460
10:08:14.041524 WAIT: blocking on channel 0x11a9444b8460
10:08:14.056081 WAIT: read ok=true type=event.ThinkingDeltaEvent
10:08:14.056160 UPDATE: msg=terminal.agentEventMsg eventCh=0x11a9444b8460
10:08:14.056198 EVENT: event.ThinkingDeltaEvent eventCh=0x11a9444b8460
10:08:14.056266 WAIT: blocking on channel 0x11a9444b8460
10:08:14.070596 WAIT: read ok=true type=event.ThinkingDeltaEvent
10:08:14.070666 UPDATE: msg=terminal.agentEventMsg eventCh=0x11a9444b8460
10:08:14.070683 EVENT: event.ThinkingDeltaEvent eventCh=0x11a9444b8460
10:08:14.070733 WAIT: blocking on channel 0x11a9444b8460
10:08:14.085253 WAIT: read ok=true type=event.ThinkingDeltaEvent
10:08:14.085318 UPDATE: msg=terminal.agentEventMsg eventCh=0x11a9444b8460
10:08:14.085335 EVENT: event.ThinkingDeltaEvent eventCh=0x11a9444b8460
10:08:14.085432 WAIT: blocking on channel 0x11a9444b8460
10:08:14.099921 WAIT: read ok=true type=event.ThinkingDeltaEvent
10:08:14.099987 UPDATE: msg=terminal.agentEventMsg eventCh=0x11a9444b8460
10:08:14.100013 EVENT: event.ThinkingDeltaEvent eventCh=0x11a9444b8460
10:08:14.100072 WAIT: blocking on channel 0x11a9444b8460
10:08:14.114591 WAIT: read ok=true type=event.ThinkingDeltaEvent
10:08:14.114647 UPDATE: msg=terminal.agentEventMsg eventCh=0x11a9444b8460
10:08:14.114666 EVENT: event.ThinkingDeltaEvent eventCh=0x11a9444b8460
10:08:14.114729 WAIT: blocking on channel 0x11a9444b8460
10:08:14.129268 WAIT: read ok=true type=event.ThinkingDeltaEvent
10:08:14.129319 UPDATE: msg=terminal.agentEventMsg eventCh=0x11a9444b8460
10:08:14.129336 EVENT: event.ThinkingDeltaEvent eventCh=0x11a9444b8460
10:08:14.129406 WAIT: blocking on channel 0x11a9444b8460
10:08:14.143975 WAIT: read ok=true type=event.ThinkingDeltaEvent
10:08:14.144024 UPDATE: msg=terminal.agentEventMsg eventCh=0x11a9444b8460
10:08:14.144042 EVENT: event.ThinkingDeltaEvent eventCh=0x11a9444b8460
10:08:14.144105 WAIT: blocking on channel 0x11a9444b8460
10:08:14.158712 WAIT: read ok=true type=event.ThinkingDeltaEvent
10:08:14.158759 UPDATE: msg=terminal.agentEventMsg eventCh=0x11a9444b8460
10:08:14.158778 EVENT: event.ThinkingDeltaEvent eventCh=0x11a9444b8460
10:08:14.158839 WAIT: blocking on channel 0x11a9444b8460
10:08:14.168281 UPDATE: msg=cursor.BlinkMsg eventCh=0x11a9444b8460
10:08:14.173305 WAIT: read ok=true type=event.ThinkingDeltaEvent
10:08:14.173343 UPDATE: msg=terminal.agentEventMsg eventCh=0x11a9444b8460
10:08:14.173360 EVENT: event.ThinkingDeltaEvent eventCh=0x11a9444b8460
10:08:14.173417 WAIT: blocking on channel 0x11a9444b8460
10:08:14.188150 WAIT: read ok=true type=event.ThinkingDeltaEvent
10:08:14.188205 UPDATE: msg=terminal.agentEventMsg eventCh=0x11a9444b8460
10:08:14.188267 EVENT: event.ThinkingDeltaEvent eventCh=0x11a9444b8460
10:08:14.188344 WAIT: blocking on channel 0x11a9444b8460
10:08:14.202742 WAIT: read ok=true type=event.ThinkingDeltaEvent
10:08:14.202790 UPDATE: msg=terminal.agentEventMsg eventCh=0x11a9444b8460
10:08:14.202808 EVENT: event.ThinkingDeltaEvent eventCh=0x11a9444b8460
10:08:14.202860 WAIT: blocking on channel 0x11a9444b8460
10:08:14.217453 WAIT: read ok=true type=event.ThinkingDeltaEvent
10:08:14.217500 UPDATE: msg=terminal.agentEventMsg eventCh=0x11a9444b8460
10:08:14.217519 EVENT: event.ThinkingDeltaEvent eventCh=0x11a9444b8460
10:08:14.217580 WAIT: blocking on channel 0x11a9444b8460
10:08:14.232023 WAIT: read ok=true type=event.ThinkingDeltaEvent
10:08:14.232084 UPDATE: msg=terminal.agentEventMsg eventCh=0x11a9444b8460
10:08:14.232105 EVENT: event.ThinkingDeltaEvent eventCh=0x11a9444b8460
10:08:14.232164 WAIT: blocking on channel 0x11a9444b8460
10:08:14.246640 WAIT: read ok=true type=event.ThinkingDeltaEvent
10:08:14.246700 UPDATE: msg=terminal.agentEventMsg eventCh=0x11a9444b8460
10:08:14.246720 EVENT: event.ThinkingDeltaEvent eventCh=0x11a9444b8460
10:08:14.246785 WAIT: blocking on channel 0x11a9444b8460
10:08:14.290703 WAIT: read ok=true type=event.TextDeltaEvent
10:08:14.290773 UPDATE: msg=terminal.agentEventMsg eventCh=0x11a9444b8460
10:08:14.290794 EVENT: event.TextDeltaEvent eventCh=0x11a9444b8460
10:08:14.290853 WAIT: blocking on channel 0x11a9444b8460
10:08:14.305527 WAIT: read ok=true type=event.TextDeltaEvent
10:08:14.305555 UPDATE: msg=terminal.agentEventMsg eventCh=0x11a9444b8460
10:08:14.305561 EVENT: event.TextDeltaEvent eventCh=0x11a9444b8460
10:08:14.305597 WAIT: blocking on channel 0x11a9444b8460
10:08:14.320725 WAIT: read ok=true type=event.TextDeltaEvent
10:08:14.320746 UPDATE: msg=terminal.agentEventMsg eventCh=0x11a9444b8460
10:08:14.320750 EVENT: event.TextDeltaEvent eventCh=0x11a9444b8460
10:08:14.320768 WAIT: blocking on channel 0x11a9444b8460
10:08:14.335586 WAIT: read ok=true type=event.TextDeltaEvent
10:08:14.335628 UPDATE: msg=terminal.agentEventMsg eventCh=0x11a9444b8460
10:08:14.335640 EVENT: event.TextDeltaEvent eventCh=0x11a9444b8460
10:08:14.335686 WAIT: blocking on channel 0x11a9444b8460
10:08:14.350449 WAIT: read ok=true type=event.TextDeltaEvent
10:08:14.350502 UPDATE: msg=terminal.agentEventMsg eventCh=0x11a9444b8460
10:08:14.350519 EVENT: event.TextDeltaEvent eventCh=0x11a9444b8460
10:08:14.350553 WAIT: blocking on channel 0x11a9444b8460
10:08:14.365372 WAIT: read ok=true type=event.TextDeltaEvent
10:08:14.365431 UPDATE: msg=terminal.agentEventMsg eventCh=0x11a9444b8460
10:08:14.365451 EVENT: event.TextDeltaEvent eventCh=0x11a9444b8460
10:08:14.365510 WAIT: blocking on channel 0x11a9444b8460
10:08:14.380074 WAIT: read ok=true type=event.TextDeltaEvent
10:08:14.380130 UPDATE: msg=terminal.agentEventMsg eventCh=0x11a9444b8460
10:08:14.380152 EVENT: event.TextDeltaEvent eventCh=0x11a9444b8460
10:08:14.380208 WAIT: blocking on channel 0x11a9444b8460
10:08:14.394780 WAIT: read ok=true type=event.TextDeltaEvent
10:08:14.394848 UPDATE: msg=terminal.agentEventMsg eventCh=0x11a9444b8460
10:08:14.394876 EVENT: event.TextDeltaEvent eventCh=0x11a9444b8460
10:08:14.394948 WAIT: blocking on channel 0x11a9444b8460
10:08:14.409504 WAIT: read ok=true type=event.TextDeltaEvent
10:08:14.409556 UPDATE: msg=terminal.agentEventMsg eventCh=0x11a9444b8460
10:08:14.409576 EVENT: event.TextDeltaEvent eventCh=0x11a9444b8460
10:08:14.409640 WAIT: blocking on channel 0x11a9444b8460
10:08:14.424633 WAIT: read ok=true type=event.TextDeltaEvent
10:08:14.424673 UPDATE: msg=terminal.agentEventMsg eventCh=0x11a9444b8460
10:08:14.424686 EVENT: event.TextDeltaEvent eventCh=0x11a9444b8460
10:08:14.424748 WAIT: blocking on channel 0x11a9444b8460
10:08:14.440191 WAIT: read ok=true type=event.TextDeltaEvent
10:08:14.440251 UPDATE: msg=terminal.agentEventMsg eventCh=0x11a9444b8460
10:08:14.440265 EVENT: event.TextDeltaEvent eventCh=0x11a9444b8460
10:08:14.440308 WAIT: blocking on channel 0x11a9444b8460
10:08:14.455112 WAIT: read ok=true type=event.TextDeltaEvent
10:08:14.455179 UPDATE: msg=terminal.agentEventMsg eventCh=0x11a9444b8460
10:08:14.455197 EVENT: event.TextDeltaEvent eventCh=0x11a9444b8460
10:08:14.455270 WAIT: blocking on channel 0x11a9444b8460
10:08:14.470056 WAIT: read ok=true type=event.TextDeltaEvent
10:08:14.470104 UPDATE: msg=terminal.agentEventMsg eventCh=0x11a9444b8460
10:08:14.470116 EVENT: event.TextDeltaEvent eventCh=0x11a9444b8460
10:08:14.470151 WAIT: blocking on channel 0x11a9444b8460
10:08:14.484844 WAIT: read ok=true type=event.TextDeltaEvent
10:08:14.484889 UPDATE: msg=terminal.agentEventMsg eventCh=0x11a9444b8460
10:08:14.484906 EVENT: event.TextDeltaEvent eventCh=0x11a9444b8460
10:08:14.484975 WAIT: blocking on channel 0x11a9444b8460
10:08:14.499670 WAIT: read ok=true type=event.TextDeltaEvent
10:08:14.499723 UPDATE: msg=terminal.agentEventMsg eventCh=0x11a9444b8460
10:08:14.499742 EVENT: event.TextDeltaEvent eventCh=0x11a9444b8460
10:08:14.499795 WAIT: blocking on channel 0x11a9444b8460
10:08:14.514473 WAIT: read ok=true type=event.TextDeltaEvent
10:08:14.514513 UPDATE: msg=terminal.agentEventMsg eventCh=0x11a9444b8460
10:08:14.514526 EVENT: event.TextDeltaEvent eventCh=0x11a9444b8460
10:08:14.514554 WAIT: blocking on channel 0x11a9444b8460
10:08:14.529146 WAIT: read ok=true type=event.TextDeltaEvent
10:08:14.529197 UPDATE: msg=terminal.agentEventMsg eventCh=0x11a9444b8460
10:08:14.529217 EVENT: event.TextDeltaEvent eventCh=0x11a9444b8460
10:08:14.529272 WAIT: blocking on channel 0x11a9444b8460
10:08:14.543785 WAIT: read ok=true type=event.TextDeltaEvent
10:08:14.543868 UPDATE: msg=terminal.agentEventMsg eventCh=0x11a9444b8460
10:08:14.543906 EVENT: event.TextDeltaEvent eventCh=0x11a9444b8460
10:08:14.543995 WAIT: blocking on channel 0x11a9444b8460
10:08:14.558439 WAIT: read ok=true type=event.TextDeltaEvent
10:08:14.558485 UPDATE: msg=terminal.agentEventMsg eventCh=0x11a9444b8460
10:08:14.558506 EVENT: event.TextDeltaEvent eventCh=0x11a9444b8460
10:08:14.558603 WAIT: blocking on channel 0x11a9444b8460
10:08:14.573181 WAIT: read ok=true type=event.TextDeltaEvent
10:08:14.573233 UPDATE: msg=terminal.agentEventMsg eventCh=0x11a9444b8460
10:08:14.573252 EVENT: event.TextDeltaEvent eventCh=0x11a9444b8460
10:08:14.573350 WAIT: blocking on channel 0x11a9444b8460
10:08:14.587993 WAIT: read ok=true type=event.TextDeltaEvent
10:08:14.588041 UPDATE: msg=terminal.agentEventMsg eventCh=0x11a9444b8460
10:08:14.588060 EVENT: event.TextDeltaEvent eventCh=0x11a9444b8460
10:08:14.588111 WAIT: blocking on channel 0x11a9444b8460
10:08:14.602758 WAIT: read ok=true type=event.TextDeltaEvent
10:08:14.602802 UPDATE: msg=terminal.agentEventMsg eventCh=0x11a9444b8460
10:08:14.602816 EVENT: event.TextDeltaEvent eventCh=0x11a9444b8460
10:08:14.602851 WAIT: blocking on channel 0x11a9444b8460
10:08:14.617566 WAIT: read ok=true type=event.TextDeltaEvent
10:08:14.617619 UPDATE: msg=terminal.agentEventMsg eventCh=0x11a9444b8460
10:08:14.617630 EVENT: event.TextDeltaEvent eventCh=0x11a9444b8460
10:08:14.617667 WAIT: blocking on channel 0x11a9444b8460
10:08:14.632365 WAIT: read ok=true type=event.TextDeltaEvent
10:08:14.632407 UPDATE: msg=terminal.agentEventMsg eventCh=0x11a9444b8460
10:08:14.632424 EVENT: event.TextDeltaEvent eventCh=0x11a9444b8460
10:08:14.632461 WAIT: blocking on channel 0x11a9444b8460
10:08:14.647007 WAIT: read ok=true type=event.TextDeltaEvent
10:08:14.647058 UPDATE: msg=terminal.agentEventMsg eventCh=0x11a9444b8460
10:08:14.647067 EVENT: event.TextDeltaEvent eventCh=0x11a9444b8460
10:08:14.647098 WAIT: blocking on channel 0x11a9444b8460
10:08:14.661765 WAIT: read ok=true type=event.TextDeltaEvent
10:08:14.661818 UPDATE: msg=terminal.agentEventMsg eventCh=0x11a9444b8460
10:08:14.661838 EVENT: event.TextDeltaEvent eventCh=0x11a9444b8460
10:08:14.661878 WAIT: blocking on channel 0x11a9444b8460
10:08:14.676388 WAIT: read ok=true type=event.TextDeltaEvent
10:08:14.676450 UPDATE: msg=terminal.agentEventMsg eventCh=0x11a9444b8460
10:08:14.676471 EVENT: event.TextDeltaEvent eventCh=0x11a9444b8460
10:08:14.676535 WAIT: blocking on channel 0x11a9444b8460
10:08:14.691082 WAIT: read ok=true type=event.TextDeltaEvent
10:08:14.691145 UPDATE: msg=terminal.agentEventMsg eventCh=0x11a9444b8460
10:08:14.691165 EVENT: event.TextDeltaEvent eventCh=0x11a9444b8460
10:08:14.691243 WAIT: blocking on channel 0x11a9444b8460
10:08:14.698631 UPDATE: msg=cursor.BlinkMsg eventCh=0x11a9444b8460
10:08:14.705894 WAIT: read ok=true type=event.TextDeltaEvent
10:08:14.705928 UPDATE: msg=terminal.agentEventMsg eventCh=0x11a9444b8460
10:08:14.705942 EVENT: event.TextDeltaEvent eventCh=0x11a9444b8460
10:08:14.705975 WAIT: blocking on channel 0x11a9444b8460
10:08:14.720842 WAIT: read ok=true type=event.TextDeltaEvent
10:08:14.720882 UPDATE: msg=terminal.agentEventMsg eventCh=0x11a9444b8460
10:08:14.720896 EVENT: event.TextDeltaEvent eventCh=0x11a9444b8460
10:08:14.720933 WAIT: blocking on channel 0x11a9444b8460
10:08:14.735620 WAIT: read ok=true type=event.TextDeltaEvent
10:08:14.735679 UPDATE: msg=terminal.agentEventMsg eventCh=0x11a9444b8460
10:08:14.735701 EVENT: event.TextDeltaEvent eventCh=0x11a9444b8460
10:08:14.735758 WAIT: blocking on channel 0x11a9444b8460
10:08:14.750480 WAIT: read ok=true type=event.TextDeltaEvent
10:08:14.750553 UPDATE: msg=terminal.agentEventMsg eventCh=0x11a9444b8460
10:08:14.750590 EVENT: event.TextDeltaEvent eventCh=0x11a9444b8460
10:08:14.750668 WAIT: blocking on channel 0x11a9444b8460
10:08:14.765111 WAIT: read ok=true type=event.TextDeltaEvent
10:08:14.765169 UPDATE: msg=terminal.agentEventMsg eventCh=0x11a9444b8460
10:08:14.765192 EVENT: event.TextDeltaEvent eventCh=0x11a9444b8460
10:08:14.765299 WAIT: blocking on channel 0x11a9444b8460
10:08:14.779905 WAIT: read ok=true type=event.TextDeltaEvent
10:08:14.779955 UPDATE: msg=terminal.agentEventMsg eventCh=0x11a9444b8460
10:08:14.779974 EVENT: event.TextDeltaEvent eventCh=0x11a9444b8460
10:08:14.780034 WAIT: blocking on channel 0x11a9444b8460
10:08:14.794696 WAIT: read ok=true type=event.TextDeltaEvent
10:08:14.794737 UPDATE: msg=terminal.agentEventMsg eventCh=0x11a9444b8460
10:08:14.794747 EVENT: event.TextDeltaEvent eventCh=0x11a9444b8460
10:08:14.794782 WAIT: blocking on channel 0x11a9444b8460
10:08:14.809342 WAIT: read ok=true type=event.TextDeltaEvent
10:08:14.809417 UPDATE: msg=terminal.agentEventMsg eventCh=0x11a9444b8460
10:08:14.809433 EVENT: event.TextDeltaEvent eventCh=0x11a9444b8460
10:08:14.809472 WAIT: blocking on channel 0x11a9444b8460
10:08:14.824313 WAIT: read ok=true type=event.TextDeltaEvent
10:08:14.824362 UPDATE: msg=terminal.agentEventMsg eventCh=0x11a9444b8460
10:08:14.824380 EVENT: event.TextDeltaEvent eventCh=0x11a9444b8460
10:08:14.824435 WAIT: blocking on channel 0x11a9444b8460
10:08:14.839806 WAIT: read ok=true type=event.TextDeltaEvent
10:08:14.839846 UPDATE: msg=terminal.agentEventMsg eventCh=0x11a9444b8460
10:08:14.839854 EVENT: event.TextDeltaEvent eventCh=0x11a9444b8460
10:08:14.839883 WAIT: blocking on channel 0x11a9444b8460
10:08:14.854609 WAIT: read ok=true type=event.TextDeltaEvent
10:08:14.854660 UPDATE: msg=terminal.agentEventMsg eventCh=0x11a9444b8460
10:08:14.854672 EVENT: event.TextDeltaEvent eventCh=0x11a9444b8460
10:08:14.854911 WAIT: blocking on channel 0x11a9444b8460
10:08:14.869577 WAIT: read ok=true type=event.TextDeltaEvent
10:08:14.869646 UPDATE: msg=terminal.agentEventMsg eventCh=0x11a9444b8460
10:08:14.869668 EVENT: event.TextDeltaEvent eventCh=0x11a9444b8460
10:08:14.869727 WAIT: blocking on channel 0x11a9444b8460
10:08:14.884536 WAIT: read ok=true type=event.TextDeltaEvent
10:08:14.884593 UPDATE: msg=terminal.agentEventMsg eventCh=0x11a9444b8460
10:08:14.884615 EVENT: event.TextDeltaEvent eventCh=0x11a9444b8460
10:08:14.884710 WAIT: blocking on channel 0x11a9444b8460
10:08:14.899358 WAIT: read ok=true type=event.TextDeltaEvent
10:08:14.899412 UPDATE: msg=terminal.agentEventMsg eventCh=0x11a9444b8460
10:08:14.899432 EVENT: event.TextDeltaEvent eventCh=0x11a9444b8460
10:08:14.899491 WAIT: blocking on channel 0x11a9444b8460
10:08:14.929003 WAIT: read ok=true type=event.TextDeltaEvent
10:08:14.929060 UPDATE: msg=terminal.agentEventMsg eventCh=0x11a9444b8460
10:08:14.929079 EVENT: event.TextDeltaEvent eventCh=0x11a9444b8460
10:08:14.929177 WAIT: blocking on channel 0x11a9444b8460
10:08:14.943655 WAIT: read ok=true type=event.UsageEvent
10:08:14.943733 UPDATE: msg=terminal.agentEventMsg eventCh=0x11a9444b8460
10:08:14.943765 EVENT: event.UsageEvent eventCh=0x11a9444b8460
10:08:14.943866 WAIT: blocking on channel 0x11a9444b8460
10:08:14.943953 WAIT: read ok=true type=event.TurnCompletedEvent
10:08:14.944031 UPDATE: msg=terminal.agentDoneMsg eventCh=0x11a9444b8460
10:08:14.944056 DONE
10:08:15.229144 UPDATE: msg=cursor.BlinkMsg eventCh=<nil>
10:08:15.759487 UPDATE: msg=cursor.BlinkMsg eventCh=<nil>
10:08:16.290369 UPDATE: msg=cursor.BlinkMsg eventCh=<nil>
10:08:16.821559 UPDATE: msg=cursor.BlinkMsg eventCh=<nil>
10:08:17.352693 UPDATE: msg=cursor.BlinkMsg eventCh=<nil>
10:08:17.883714 UPDATE: msg=cursor.BlinkMsg eventCh=<nil>
10:08:18.414448 UPDATE: msg=cursor.BlinkMsg eventCh=<nil>
10:08:18.944944 UPDATE: msg=cursor.BlinkMsg eventCh=<nil>
10:08:18.958215 UPDATE: msg=tea.KeyMsg eventCh=<nil>
10:08:18.959100 UPDATE: msg=cursor.blinkCanceled eventCh=<nil>
10:08:19.055668 UPDATE: msg=tea.KeyMsg eventCh=<nil>
10:08:19.056049 UPDATE: msg=cursor.blinkCanceled eventCh=<nil>
10:08:19.275922 UPDATE: msg=tea.KeyMsg eventCh=<nil>
10:08:19.276118 UPDATE: msg=cursor.blinkCanceled eventCh=<nil>
10:08:19.408601 UPDATE: msg=tea.KeyMsg eventCh=<nil>
10:08:19.408735 UPDATE: msg=cursor.blinkCanceled eventCh=<nil>
10:08:19.564520 UPDATE: msg=tea.KeyMsg eventCh=<nil>
10:08:19.564759 UPDATE: msg=cursor.blinkCanceled eventCh=<nil>
10:08:19.708133 UPDATE: msg=tea.KeyMsg eventCh=<nil>
